Change Component Library : Designator=JP8 Old Library=FC_v1.0_Schlib.SchLib New Library=FC_v2.0_Schlib.SchLib
Change Component Library : Designator=Y1 Old Library=FC_v1.0_Schlib.SchLib New Library=FC_v2.0_Schlib.SchLib
Added Component: Designator=JP2(HDR_MALE_BOOT)
Add component. Clean all parameters for all variants
Add component (AddParameter): Name = "Category"; Value = "Connector Headers and PCB Receptacles"; VariantName = "[No Variations]"
Add component (AddParameter): Name = "ComponentLink1Description"; Value = "https://datasheet.ciiva.com/726/68000-726529.pdf"; VariantName = "[No Variations]"
Add component (AddParameter): Name = "ComponentLink1URL"; Value = "https://datasheet.ciiva.com/726/68000-726529.pdf"; VariantName = "[No Variations]"
Add component (AddParameter): Name = "ComponentLink2Description"; Value = "https://datasheet.ciiva.com/5164/68000-274255-5164127.pdf"; VariantName = "[No Variations]"
Add component (AddParameter): Name = "ComponentLink2URL"; Value = "https://datasheet.ciiva.com/5164/68000-274255-5164127.pdf"; VariantName = "[No Variations]"
Add component (AddParameter): Name = "Contact Plating"; Value = "Gold Over Nickel|GXT Over Nickel"; VariantName = "[No Variations]"
Add component (AddParameter): Name = "Gender"; Value = "HDR"; VariantName = "[No Variations]"
Add component (AddParameter): Name = "Manufacturer"; Value = "Amphenol FCI"; VariantName = "[No Variations]"
Add component (AddParameter): Name = "Manufacturer Part Number"; Value = "68001-204HLF"; VariantName = "[No Variations]"
Add component (AddParameter): Name = "Number of Contacts"; Value = "4"; VariantName = "[No Variations]"
Add component (AddParameter): Name = "Number of Rows"; Value = "1"; VariantName = "[No Variations]"
Add component (AddParameter): Name = "Packaging"; Value = "Bulk"; VariantName = "[No Variations]"
Add component (AddParameter): Name = "Pitch"; Value = "2.54 mm"; VariantName = "[No Variations]"
Add component (AddParameter): Name = "Pricing 1"; Value = "1=0.35, 10=0.331, 100=0.2315, 500=0.1985, 1000=0.1654, 5000=0.1418, 10000=0.1323 (USD)"; VariantName = "[No Variations]"
Add component (AddParameter): Name = "Rad Hard"; Value = "No"; VariantName = "[No Variations]"
Add component (AddParameter): Name = "Stock 1"; Value = "9668"; VariantName = "[No Variations]"
Add component (AddParameter): Name = "Supplier 1"; Value = "Digi-Key"; VariantName = "[No Variations]"
Add component (AddParameter): Name = "Supplier Part Number 1"; Value = "609-3402-ND"; VariantName = "[No Variations]"
Add component (AddParameter): Name = "Termination Method"; Value = "Solder"; VariantName = "[No Variations]"
Add component (AddParameter): Name = "Type"; Value = "Unshrouded Header"; VariantName = "[No Variations]"
Added Component: Designator=JP10(HDR_Male_1x3)
Add component. Clean all parameters for all variants
Add component (AddParameter): Name = "Category"; Value = "Connector Headers and PCB Receptacles"; VariantName = "[No Variations]"
Add component (AddParameter): Name = "ComponentLink1Description"; Value = "https://datasheet.ciiva.com/726/68000-726529.pdf"; VariantName = "[No Variations]"
Add component (AddParameter): Name = "ComponentLink1URL"; Value = "https://datasheet.ciiva.com/726/68000-726529.pdf"; VariantName = "[No Variations]"
Add component (AddParameter): Name = "ComponentLink2Description"; Value = "https://datasheet.ciiva.com/5164/68000-274255-5164127.pdf"; VariantName = "[No Variations]"
Add component (AddParameter): Name = "ComponentLink2URL"; Value = "https://datasheet.ciiva.com/5164/68000-274255-5164127.pdf"; VariantName = "[No Variations]"
Add component (AddParameter): Name = "Contact Plating"; Value = "Gold Over Nickel|GXT Over Nickel"; VariantName = "[No Variations]"
Add component (AddParameter): Name = "Gender"; Value = "HDR"; VariantName = "[No Variations]"
Add component (AddParameter): Name = "Manufacturer"; Value = "Amphenol FCI"; VariantName = "[No Variations]"
Add component (AddParameter): Name = "Manufacturer Part Number"; Value = "68001-204HLF"; VariantName = "[No Variations]"
Add component (AddParameter): Name = "Number of Contacts"; Value = "4"; VariantName = "[No Variations]"
Add component (AddParameter): Name = "Number of Rows"; Value = "1"; VariantName = "[No Variations]"
Add component (AddParameter): Name = "Packaging"; Value = "Bulk"; VariantName = "[No Variations]"
Add component (AddParameter): Name = "Pitch"; Value = "2.54 mm"; VariantName = "[No Variations]"
Add component (AddParameter): Name = "Pricing 1"; Value = "1=0.35, 10=0.331, 100=0.2315, 500=0.1985, 1000=0.1654, 5000=0.1418, 10000=0.1323 (USD)"; VariantName = "[No Variations]"
Add component (AddParameter): Name = "Rad Hard"; Value = "No"; VariantName = "[No Variations]"
Add component (AddParameter): Name = "Stock 1"; Value = "9668"; VariantName = "[No Variations]"
Add component (AddParameter): Name = "Supplier 1"; Value = "Digi-Key"; VariantName = "[No Variations]"
Add component (AddParameter): Name = "Supplier Part Number 1"; Value = "609-3402-ND"; VariantName = "[No Variations]"
Add component (AddParameter): Name = "Termination Method"; Value = "Solder"; VariantName = "[No Variations]"
Add component (AddParameter): Name = "Type"; Value = "Unshrouded Header"; VariantName = "[No Variations]"
Added Component: Designator=R8(R0805)
Add component. Clean all parameters for all variants
Add component (AddParameter): Name = "Automotive Qualification Standard"; Value = "-"; VariantName = "[No Variations]"
Add component (AddParameter): Name = "ComponentLink1Description"; Value = "https://datasheet.ciiva.com/7983/444164-7983765.pdf"; VariantName = "[No Variations]"
Add component (AddParameter): Name = "ComponentLink1URL"; Value = "https://datasheet.ciiva.com/7983/444164-7983765.pdf"; VariantName = "[No Variations]"
Add component (AddParameter): Name = "ComponentLink2Description"; Value = "https://datasheet.ciiva.com/7941/444164-7941870.pdf"; VariantName = "[No Variations]"
Add component (AddParameter): Name = "ComponentLink2URL"; Value = "https://datasheet.ciiva.com/7941/444164-7941870.pdf"; VariantName = "[No Variations]"
Add component (AddParameter): Name = "ComponentLink3Description"; Value = "https://datasheet.ciiva.com/7941/444164-7941871.pdf"; VariantName = "[No Variations]"
Add component (AddParameter): Name = "ComponentLink3URL"; Value = "https://datasheet.ciiva.com/7941/444164-7941871.pdf"; VariantName = "[No Variations]"
Add component (AddParameter): Name = "Manufacturer"; Value = "Yageo"; VariantName = "[No Variations]"
Add component (AddParameter): Name = "Manufacturer Part Number"; Value = "RC0805JR-0710KL"; VariantName = "[No Variations]"
Add component (AddParameter): Name = "MSL"; Value = "MSL 1 - Unlimited"; VariantName = "[No Variations]"
Add component (AddParameter): Name = "Packaging"; Value = "Cut Tape"; VariantName = "[No Variations]"
Add component (AddParameter): Name = "Power Rating"; Value = "250mW"; VariantName = "[No Variations]"
Add component (AddParameter): Name = "Pricing 1"; Value = "1=0.1, 10=0.019, 100=0.0076, 1000=0.0034, 2500=0.003 (USD)"; VariantName = "[No Variations]"
Add component (AddParameter): Name = "Product Range"; Value = "RC Series"; VariantName = "[No Variations]"
Add component (AddParameter): Name = "Resistance"; Value = "10kohm"; VariantName = "[No Variations]"
Add component (AddParameter): Name = "Resistance Tolerance"; Value = "± 5%"; VariantName = "[No Variations]"
Add component (AddParameter): Name = "Resistor Case Style"; Value = "0805 [2012 Metric]"; VariantName = "[No Variations]"
Add component (AddParameter): Name = "Resistor Element Type"; Value = "Thick Film"; VariantName = "[No Variations]"
Add component (AddParameter): Name = "Stock 1"; Value = "1415081"; VariantName = "[No Variations]"
Add component (AddParameter): Name = "Supplier 1"; Value = "Digi-Key"; VariantName = "[No Variations]"
Add component (AddParameter): Name = "Supplier Part Number 1"; Value = "311-10KARCT-ND"; VariantName = "[No Variations]"
Add component (AddParameter): Name = "SVHC"; Value = "To Be Advised"; VariantName = "[No Variations]"
Add component (AddParameter): Name = "Temperature Coefficient"; Value = "± 100ppm/°C"; VariantName = "[No Variations]"
Add component (AddParameter): Name = "Voltage Rating"; Value = "150V"; VariantName = "[No Variations]"
Added Pin To Net: NetName=NetJP2_1 Pin=JP2-1
Added Pin To Net: NetName=NetJP2_2 Pin=JP2-2
Added Pin To Net: NetName=BOOT0 Pin=JP2-3
Added Pin To Net: NetName=BOOT1 Pin=JP2-4
Added Pin To Net: NetName=NetJP2_5 Pin=JP2-5
Added Pin To Net: NetName=NetJP2_6 Pin=JP2-6
Added Pin To Net: NetName=NRST Pin=JP10-1
Added Pin To Net: NetName=GND Pin=JP10-2
Added Pin To Net: NetName=NetJP2_2 Pin=R8-1
Added Pin To Net: NetName=+3.3V Pin=R8-2
Added Member To Class: ClassName=FC_v2.0_Schematic Member=Component JP2 HDR BOOT
Added Member To Class: ClassName=FC_v2.0_Schematic Member=Component JP10 HDR RST
Added Member To Class: ClassName=FC_v2.0_Schematic Member=Component R8 10K Ohm
