Removed Pin From Net: NetName=+3.3V Pin=C4-1
Removed Pin From Net: NetName=+3.3V Pin=C6-1
Removed Pin From Net: NetName=+3.3V Pin=C7-1
Removed Pin From Net: NetName=+3.3V Pin=C9-1
Removed Pin From Net: NetName=+3.3V Pin=C10-1
Removed Pin From Net: NetName=+3.3V Pin=C11-1
Removed Pin From Net: NetName=+3.3V Pin=C12-1
Removed Pin From Net: NetName=+3.3V Pin=C13-1
Removed Pin From Net: NetName=+3.3V Pin=C14-1
Removed Pin From Net: NetName=+3.3V Pin=C15-1
Removed Pin From Net: NetName=+3.3V Pin=C16-1
Removed Pin From Net: NetName=+3.3V Pin=C17-1
Removed Pin From Net: NetName=+3.3V Pin=C18-1
Removed Pin From Net: NetName=+3.3V Pin=C19-1
Removed Pin From Net: NetName=+3.3V Pin=JP9-3
Removed Pin From Net: NetName=+3.3V Pin=JP10-1
Removed Pin From Net: NetName=+3.3V Pin=JP10-2
Removed Pin From Net: NetName=+3.3V Pin=JP10-3
Removed Pin From Net: NetName=+3.3V Pin=JP10-4
Removed Pin From Net: NetName=+3.3V Pin=Q5-3
Removed Pin From Net: NetName=+3.3V Pin=Q6-3
Removed Pin From Net: NetName=+3.3V Pin=Q7-3
Removed Pin From Net: NetName=+3.3V Pin=Q8-3
Removed Pin From Net: NetName=+3.3V Pin=U1-1
Removed Pin From Net: NetName=+3.3V Pin=U1-16
Removed Pin From Net: NetName=+3.3V Pin=U2-3
Removed Pin From Net: NetName=+3.3V Pin=U2-4
Removed Pin From Net: NetName=+3.3V Pin=U2-5
Removed Pin From Net: NetName=+3.3V Pin=U2-6
Removed Pin From Net: NetName=+3.3V Pin=U3-13
Removed Pin From Net: NetName=+3.3V Pin=U3-19
Removed Pin From Net: NetName=+3.3V Pin=U3-32
Removed Pin From Net: NetName=+3.3V Pin=U3-48
Removed Pin From Net: NetName=+3.3V Pin=U3-64
Change Net Name : Old Net Name=+3.3V New Net Name=GND
Added Pin To Net: NetName=+3.3V Pin=C4-1
Added Pin To Net: NetName=+3.3V Pin=C6-1
Added Pin To Net: NetName=+3.3V Pin=C7-1
Added Pin To Net: NetName=+3.3V Pin=C9-1
Added Pin To Net: NetName=+3.3V Pin=C10-1
Added Pin To Net: NetName=+3.3V Pin=C11-1
Added Pin To Net: NetName=+3.3V Pin=C12-1
Added Pin To Net: NetName=+3.3V Pin=C13-1
Added Pin To Net: NetName=+3.3V Pin=C14-1
Added Pin To Net: NetName=+3.3V Pin=C15-1
Added Pin To Net: NetName=+3.3V Pin=C16-1
Added Pin To Net: NetName=+3.3V Pin=C17-1
Added Pin To Net: NetName=+3.3V Pin=C18-1
Added Pin To Net: NetName=+3.3V Pin=C19-1
Added Pin To Net: NetName=+3.3V Pin=JP9-3
Added Pin To Net: NetName=+3.3V Pin=JP10-1
Added Pin To Net: NetName=+3.3V Pin=JP10-2
Added Pin To Net: NetName=+3.3V Pin=JP10-3
Added Pin To Net: NetName=+3.3V Pin=JP10-4
Added Pin To Net: NetName=+3.3V Pin=Q5-3
Added Pin To Net: NetName=+3.3V Pin=Q6-3
Added Pin To Net: NetName=+3.3V Pin=Q7-3
Added Pin To Net: NetName=+3.3V Pin=Q8-3
Added Pin To Net: NetName=+3.3V Pin=U1-1
Added Pin To Net: NetName=+3.3V Pin=U1-16
Added Pin To Net: NetName=+3.3V Pin=U2-4
Added Pin To Net: NetName=+3.3V Pin=U2-5
Added Pin To Net: NetName=+3.3V Pin=U3-13
Added Pin To Net: NetName=+3.3V Pin=U3-19
Added Pin To Net: NetName=+3.3V Pin=U3-32
Added Pin To Net: NetName=+3.3V Pin=U3-48
Added Pin To Net: NetName=+3.3V Pin=U3-64
Added Net: Name=+3.3V
Added Pin To Net: NetName=NetU2_3 Pin=U2-3
Added Pin To Net: NetName=NetU2_3 Pin=U2-6
Added Net: Name=NetU2_3
Added Room: Name=FC_v2.0_Schematic
