Added Component: Designator=JP10(HDR_MALE_PWR_OPTION)
Add component. Clean all parameters for all variants
Add component (AddParameter): Name = "Category"; Value = "Connector Headers and PCB Receptacles"; VariantName = "[No Variations]"
Add component (AddParameter): Name = "ComponentLink1Description"; Value = "https://datasheet.ciiva.com/726/68000-726529.pdf"; VariantName = "[No Variations]"
Add component (AddParameter): Name = "ComponentLink1URL"; Value = "https://datasheet.ciiva.com/726/68000-726529.pdf"; VariantName = "[No Variations]"
Add component (AddParameter): Name = "ComponentLink2Description"; Value = "https://datasheet.ciiva.com/5164/68000-274255-5164127.pdf"; VariantName = "[No Variations]"
Add component (AddParameter): Name = "ComponentLink2URL"; Value = "https://datasheet.ciiva.com/5164/68000-274255-5164127.pdf"; VariantName = "[No Variations]"
Add component (AddParameter): Name = "Contact Plating"; Value = "Gold Over Nickel|GXT Over Nickel"; VariantName = "[No Variations]"
Add component (AddParameter): Name = "Gender"; Value = "HDR"; VariantName = "[No Variations]"
Add component (AddParameter): Name = "Manufacturer"; Value = "Amphenol FCI"; VariantName = "[No Variations]"
Add component (AddParameter): Name = "Manufacturer Part Number"; Value = "68001-204HLF"; VariantName = "[No Variations]"
Add component (AddParameter): Name = "Number of Contacts"; Value = "4"; VariantName = "[No Variations]"
Add component (AddParameter): Name = "Number of Rows"; Value = "1"; VariantName = "[No Variations]"
Add component (AddParameter): Name = "Packaging"; Value = "Bulk"; VariantName = "[No Variations]"
Add component (AddParameter): Name = "Pitch"; Value = "2.54 mm"; VariantName = "[No Variations]"
Add component (AddParameter): Name = "Pricing 1"; Value = "1=0.35, 10=0.331, 100=0.2315, 500=0.1985, 1000=0.1654, 5000=0.1418, 10000=0.1323 (USD)"; VariantName = "[No Variations]"
Add component (AddParameter): Name = "Rad Hard"; Value = "No"; VariantName = "[No Variations]"
Add component (AddParameter): Name = "Stock 1"; Value = "9668"; VariantName = "[No Variations]"
Add component (AddParameter): Name = "Supplier 1"; Value = "Digi-Key"; VariantName = "[No Variations]"
Add component (AddParameter): Name = "Supplier Part Number 1"; Value = "609-3402-ND"; VariantName = "[No Variations]"
Add component (AddParameter): Name = "Termination Method"; Value = "Solder"; VariantName = "[No Variations]"
Add component (AddParameter): Name = "Type"; Value = "Unshrouded Header"; VariantName = "[No Variations]"
Added Pin To Net: NetName=OSC_OUT Pin=C2-1
Added Pin To Net: NetName=+3.3V Pin=JP10-1
Added Pin To Net: NetName=+3.3V Pin=JP10-2
Added Pin To Net: NetName=+3.3V Pin=JP10-3
Added Pin To Net: NetName=+3.3V Pin=JP10-4
Added Pin To Net: NetName=OSC_OUT Pin=Y1-1
Added Pin To Net: NetName=BOOT1 Pin=U3-28
Added Net: Name=BOOT1
Added Member To Class: ClassName=FC_v2.0_Schematic Member=Component C1 18pF
Added Member To Class: ClassName=FC_v2.0_Schematic Member=Component C2 18pF
Added Member To Class: ClassName=FC_v2.0_Schematic Member=Component C5 0.1uF
Added Member To Class: ClassName=FC_v2.0_Schematic Member=Component JP10 HDR PWR OPTION
Added Member To Class: ClassName=FC_v2.0_Schematic Member=Component U2 TL1963A-33DCQR
Added Member To Class: ClassName=FC_v2.0_Schematic Member=Component U3 STM32F446RET6
Added Member To Class: ClassName=FC_v2.0_Schematic Member=Component U4 TL1963A-33DCQR
Added Member To Class: ClassName=FC_v2.0_Schematic Member=Component Y1 ABM7-24.000MHZ-D2Y-T
