Added Component: Designator=U?(STM32F446xC)
Add component. Clean all parameters for all variants
Add component (AddParameter): Name = "ComponentLink1Description"; Value = "http://www.st.com/st-web-ui/static/active/en/resource/technical/document/datasheet/DM00141306.pdf"; VariantName = "[No Variations]"
Add component (AddParameter): Name = "ComponentLink1URL"; Value = "http://www.st.com/st-web-ui/static/active/en/resource/technical/document/datasheet/DM00141306.pdf"; VariantName = "[No Variations]"
Add component (AddParameter): Name = "ComponentLink2Description"; Value = "http://www.st.com/content/ccc/resource/technical/document/datasheet/65/cb/75/50/53/d6/48/24/DM00141306.pdf/files/DM00141306.pdf/jcr:content/translations/en.DM00141306.pdf"; VariantName = "[No Variations]"
Add component (AddParameter): Name = "ComponentLink2URL"; Value = "http://www.st.com/content/ccc/resource/technical/document/datasheet/65/cb/75/50/53/d6/48/24/DM00141306.pdf/files/DM00141306.pdf/jcr:content/translations/en.DM00141306.pdf"; VariantName = "[No Variations]"
Add component (AddParameter): Name = "ComponentLink3Description"; Value = "http://www.farnell.com/datasheets/1997805.pdf"; VariantName = "[No Variations]"
Add component (AddParameter): Name = "ComponentLink3URL"; Value = "http://www.farnell.com/datasheets/1997805.pdf"; VariantName = "[No Variations]"
Add component (AddParameter): Name = "Data Bus Width"; Value = "32 Bit"; VariantName = "[No Variations]"
Add component (AddParameter): Name = "Device Core"; Value = "ARM Cortex M4"; VariantName = "[No Variations]"
Add component (AddParameter): Name = "Instruction Set Architecture"; Value = "RISC"; VariantName = "[No Variations]"
Add component (AddParameter): Name = "Interface Type"; Value = "CAN/I2C/I2S/SPI/UART/USART/USB"; VariantName = "[No Variations]"
Add component (AddParameter): Name = "Manufacturer"; Value = "STMicroelectronics"; VariantName = "[No Variations]"
Add component (AddParameter): Name = "Manufacturer Part Number"; Value = "STM32F446RET6"; VariantName = "[No Variations]"
Add component (AddParameter): Name = "Maximum Operating Supply Voltage"; Value = "3.6 V"; VariantName = "[No Variations]"
Add component (AddParameter): Name = "Maximum Power Dissipation"; Value = "345 mW"; VariantName = "[No Variations]"
Add component (AddParameter): Name = "Maximum Speed"; Value = "180 MHz"; VariantName = "[No Variations]"
Add component (AddParameter): Name = "Minimum Operating Supply Voltage"; Value = "1.7 V"; VariantName = "[No Variations]"
Add component (AddParameter): Name = "Mounting"; Value = "Surface Mount"; VariantName = "[No Variations]"
Add component (AddParameter): Name = "Number of Programmable I/Os"; Value = "50"; VariantName = "[No Variations]"
Add component (AddParameter): Name = "Number of Timers"; Value = "14"; VariantName = "[No Variations]"
Add component (AddParameter): Name = "On-Chip ADC"; Value = "2(16-chx12-bit)"; VariantName = "[No Variations]"
Add component (AddParameter): Name = "On-Chip DAC"; Value = "2-chx12bit"; VariantName = "[No Variations]"
Add component (AddParameter): Name = "Operating Supply Voltage"; Value = "2.5|3.3 V"; VariantName = "[No Variations]"
Add component (AddParameter): Name = "Operating Temperature"; Value = "-40 to 105 C"; VariantName = "[No Variations]"
Add component (AddParameter): Name = "Pricing 1"; Value = "1=8.59, 10=7.762, 100=6.4258, 500=5.5955, 1000=4.8735 (USD)"; VariantName = "[No Variations]"
Add component (AddParameter): Name = "Program Memory Size"; Value = "512 KB"; VariantName = "[No Variations]"
Add component (AddParameter): Name = "Program Memory Type"; Value = "Flash"; VariantName = "[No Variations]"
Add component (AddParameter): Name = "RAM Size"; Value = "132 KB"; VariantName = "[No Variations]"
Add component (AddParameter): Name = "Screening Level"; Value = "Extended Industrial"; VariantName = "[No Variations]"
Add component (AddParameter): Name = "Special Features"; Value = "CAN Controller"; VariantName = "[No Variations]"
Add component (AddParameter): Name = "Stock 1"; Value = "1212"; VariantName = "[No Variations]"
Add component (AddParameter): Name = "Supplier 1"; Value = "Digi-Key"; VariantName = "[No Variations]"
Add component (AddParameter): Name = "Supplier Part Number 1"; Value = "497-15376-ND"; VariantName = "[No Variations]"
Add component (AddParameter): Name = "Watchdog"; Value = "2"; VariantName = "[No Variations]"
Added Pin To Net: NetName=OSC_IN Pin=U?-5
Added Pin To Net: NetName=OSC_OUT Pin=U?-6
Added Pin To Net: NetName=NRST Pin=U?-7
Added Pin To Net: NetName=+3.3V Pin=U?-12
Added Pin To Net: NetName=+3.3V Pin=U?-13
Added Pin To Net: NetName=+3.3V Pin=U?-18
Added Pin To Net: NetName=+3.3V Pin=U?-19
Added Pin To Net: NetName=SCLK Pin=U?-21
Added Pin To Net: NetName=MISO Pin=U?-22
Added Pin To Net: NetName=MOSI Pin=U?-23
Added Pin To Net: NetName=INT Pin=U?-24
Added Pin To Net: NetName=+3.3V Pin=U?-31
Added Pin To Net: NetName=+3.3V Pin=U?-32
Added Pin To Net: NetName=NetJP1_4 Pin=U?-33
Added Pin To Net: NetName=NetJP1_3 Pin=U?-34
Added Pin To Net: NetName=NetJP1_2 Pin=U?-35
Added Pin To Net: NetName=NetJP1_1 Pin=U?-36
Added Pin To Net: NetName=TIM8_CH1 Pin=U?-37
Added Pin To Net: NetName=TIM8_CH2 Pin=U?-38
Added Pin To Net: NetName=TIM8_CH3 Pin=U?-39
Added Pin To Net: NetName=TIM8_CH4 Pin=U?-40
Added Pin To Net: NetName=TIM1_CH1 Pin=U?-41
Added Pin To Net: NetName=TIM1_CH2 Pin=U?-42
Added Pin To Net: NetName=TIM1_CH3 Pin=U?-43
Added Pin To Net: NetName=TIM1_CH4 Pin=U?-44
Added Pin To Net: NetName=SWDIO Pin=U?-46
Added Pin To Net: NetName=+3.3V Pin=U?-47
Added Pin To Net: NetName=+3.3V Pin=U?-48
Added Pin To Net: NetName=SWCLK Pin=U?-49
Added Pin To Net: NetName=BOOT0 Pin=U?-60
Added Pin To Net: NetName=+3.3V Pin=U?-63
Added Pin To Net: NetName=+3.3V Pin=U?-64
Added Member To Class: ClassName=FC_v2.0_Schematic Member=Component U? STM32F446RET6
